yarn run v1.22.22
$ vite

  vite v2.8.6 dev server running at:

  > Local: http://localhost:3000/
  > Network: use `--host` to expose

  ready in 154ms.

vite v2.8.6 building for development...

watching for file changes...
vite v2.8.6 building for development...

watching for file changes...

build started...

build started...
transforming...
transforming...
✓ 1 modules transformed.
✓ 1 modules transformed.
rendering chunks...
rendering chunks...
../dist-electron/index.js   1.96 KiB / gzip: 0.77 KiB
../dist-electron/index.js.map 4.16 KiB
built in 46ms.
../dist-electron/preload.js   3.96 KiB / gzip: 1.19 KiB
../dist-electron/preload.js.map 6.65 KiB
built in 46ms.
error Command failed with signal "SIGKILL".
info Visit https://yarnpkg.com/en/docs/cli/run for documentation about this command.
